Log file open, 03/17/18 15:41:56
LogWindows: Failed to load 'aqProf.dll' (GetLastError=126)
LogWindows: File 'aqProf.dll' does not exist
LogWindows: Failed to load 'VtuneApi.dll' (GetLastError=126)
LogWindows: File 'VtuneApi.dll' does not exist
LogWindows: Failed to load 'VtuneApi32e.dll' (GetLastError=126)
LogWindows: File 'VtuneApi32e.dll' does not exist
LogInit: Display: Running engine for game: PlayablePrototype
LogPlatformFile: Not using cached read wrapper
LogInit: Display: RandInit(-1342018363) SRandInit(-1342018363).
LogTaskGraph: Started task graph with 5 named threads and 14 total threads with 3 sets of task threads.
LogStats: Stats thread started at 0.177288
LogD3D11RHI: Aftermath initialized
LogPluginManager: Mounting plugin Paper2D
LogPluginManager: Mounting plugin LightPropagationVolume
LogPluginManager: Mounting plugin CodeLiteSourceCodeAccess
LogPluginManager: Mounting plugin GitSourceControl
LogPluginManager: Mounting plugin KDevelopSourceCodeAccess
LogPluginManager: Mounting plugin NullSourceCodeAccess
LogPluginManager: Mounting plugin PerforceSourceControl
LogPluginManager: Mounting plugin SubversionSourceControl
LogPluginManager: Mounting plugin UObjectPlugin
LogPluginManager: Mounting plugin VisualStudioSourceCodeAccess
LogPluginManager: Mounting plugin XCodeSourceCodeAccess
LogPluginManager: Mounting plugin AssetManagerEditor
LogPluginManager: Mounting plugin AudioCapture
LogPluginManager: Mounting plugin FacialAnimation
LogPluginManager: Mounting plugin GameplayTagsEditor
LogPluginManager: Mounting plugin MobileLauncherProfileWizard
LogPluginManager: Mounting plugin PluginBrowser
LogPluginManager: Mounting plugin SpeedTreeImporter
LogPluginManager: Mounting plugin AlembicImporter
LogPluginManager: Mounting plugin CharacterAI
LogPluginManager: Mounting plugin HTML5Networking
LogPluginManager: Mounting plugin AndroidMedia
LogPluginManager: Mounting plugin AvfMedia
LogPluginManager: Mounting plugin MediaPlayerEditor
LogPluginManager: Mounting plugin WmfMedia
LogPluginManager: Mounting plugin TcpMessaging
LogPluginManager: Mounting plugin UdpMessaging
LogPluginManager: Mounting plugin LevelSequenceEditor
LogPluginManager: Mounting plugin MatineeToLevelSequence
LogPluginManager: Mounting plugin OnlineSubsystemGooglePlay
LogPluginManager: Mounting plugin OnlineSubsystemIOS
LogPluginManager: Mounting plugin OnlineSubsystem
LogPluginManager: Mounting plugin OnlineSubsystemNull
LogPluginManager: Mounting plugin OnlineSubsystemUtils
LogPluginManager: Mounting plugin AndroidDeviceProfileSelector
LogPluginManager: Mounting plugin AndroidMoviePlayer
LogPluginManager: Mounting plugin AndroidPermission
LogPluginManager: Mounting plugin AppleMoviePlayer
LogPluginManager: Mounting plugin ArchVisCharacter
LogPluginManager: Mounting plugin CableComponent
LogPluginManager: Mounting plugin CustomMeshComponent
LogPluginManager: Mounting plugin ExampleDeviceProfileSelector
LogPluginManager: Mounting plugin GoogleCloudMessaging
LogPluginManager: Mounting plugin ImmediatePhysics
LogPluginManager: Mounting plugin IOSDeviceProfileSelector
LogPluginManager: Mounting plugin LinuxDeviceProfileSelector
LogPluginManager: Mounting plugin LocationServicesBPLibrary
LogPluginManager: Mounting plugin MobilePatchingUtils
LogPluginManager: Mounting plugin OculusVR
LogPluginManager: Mounting plugin PhysXVehicles
LogPluginManager: Mounting plugin ProceduralMeshComponent
LogPluginManager: Mounting plugin RuntimePhysXCooking
LogPluginManager: Mounting plugin SteamVR
LogPluginManager: Mounting plugin WindowsMoviePlayer
LogInit: Using libcurl 7.47.1
LogInit:  - built for x86_64-pc-win32
LogInit:  - supports SSL with OpenSSL/1.0.2g
LogInit:  - supports HTTP deflate (compression) using libz 1.2.8
LogInit:  - other features:
LogInit:      CURL_VERSION_SSL
LogInit:      CURL_VERSION_LIBZ
LogInit:      CURL_VERSION_IPV6
LogInit:      CURL_VERSION_ASYNCHDNS
LogInit:      CURL_VERSION_LARGEFILE
LogInit:      CURL_VERSION_IDN
LogInit:  CurlRequestOptions (configurable via config and command line):
LogInit:  - bVerifyPeer = false  - Libcurl will NOT verify peer certificate
LogInit:  - bUseHttpProxy = false  - Libcurl will NOT use HTTP proxy
LogInit:  - bDontReuseConnections = false  - Libcurl will reuse connections
LogInit:  - CertBundlePath = nullptr  - Libcurl will use whatever was configured at build time.
LogInit: Build: ++UE4+Release-4.17-CL-3658906
LogInit: Engine Version: 4.17.2-3658906+++UE4+Release-4.17
LogInit: Compatible Engine Version: 4.17.0-3573198+++UE4+Release-4.17
LogInit: Net CL: 3573198
LogDevObjectVersion: Number of dev versions registered: 16
LogDevObjectVersion:   Dev-Blueprints (B0D832E4-1F89-4F0D-ACCF-7EB736FD4AA2): 10
LogDevObjectVersion:   Dev-Build (E1C64328-A22C-4D53-A36C-8E866417BD8C): 0
LogDevObjectVersion:   Dev-Core (375EC13C-06E4-48FB-B500-84F0262A717E): 2
LogDevObjectVersion:   Dev-Editor (E4B068ED-F494-42E9-A231-DA0B2E46BB41): 20
LogDevObjectVersion:   Dev-Framework (CFFC743F-43B0-4480-9391-14DF171D2073): 28
LogDevObjectVersion:   Dev-Mobile (B02B49B5-BB20-44E9-A304-32B752E40360): 0
LogDevObjectVersion:   Dev-Networking (A4E4105C-59A1-49B5-A7C5-40C4547EDFEE): 0
LogDevObjectVersion:   Dev-Online (39C831C9-5AE6-47DC-9A44-9C173E1C8E7C): 0
LogDevObjectVersion:   Dev-Physics (78F01B33-EBEA-4F98-B9B4-84EACCB95AA2): 0
LogDevObjectVersion:   Dev-Platform (6631380F-2D4D-43E0-8009-CF276956A95A): 0
LogDevObjectVersion:   Dev-Rendering (12F88B9F-8875-4AFC-A67C-D90C383ABD29): 19
LogDevObjectVersion:   Dev-Sequencer (7B5AE74C-D270-4C10-A958-57980B212A5A): 4
LogDevObjectVersion:   Dev-VR (D7296918-1DD6-4BDD-9DE2-64A83CC13884): 0
LogDevObjectVersion:   Dev-LoadTimes (C2A15278-BFE7-4AFE-6C17-90FF531DF755): 1
LogDevObjectVersion:   Private-Geometry (6EACA3D4-40EC-4CC1-B786-8BED09428FC5): 1
LogDevObjectVersion:   Dev-AnimPhys (29E575DD-E0A3-4627-9D10-D276232CDCEA): 7
LogInit: Compiled (64-bit): Sep 22 2017 13:47:16
LogInit: Compiled with Visual C++: 19.00.24215.01
LogInit: Build Configuration: Development
LogInit: Branch Name: ++UE4+Release-4.17
LogInit: Command line: -EpicPortal 
LogInit: Base directory: C:/Program Files/Epic Games/UE_4.17/Engine/Binaries/Win64/
LogInit: Installed Engine Build: 1
LogInit: Presizing for max 8388607 objects, including 0 objects not considered by GC, pre-allocating 0 bytes for permanent pool.
LogInit: Object subsystem initialized
[2018.03.17-15.41.58:160][  0]LogInit: Selected Device Profile: [Windows]
[2018.03.17-15.41.58:160][  0]LogInit: Applying CVar settings loaded from the selected device profile: [Windows]
[2018.03.17-15.41.58:278][  0]LogInit: Computer: GAMES-106-018
[2018.03.17-15.41.58:278][  0]LogInit: User: Games
[2018.03.17-15.41.58:278][  0]LogInit: CPU Page size=4096, Cores=4
[2018.03.17-15.41.58:278][  0]LogInit: High frequency timer resolution =3.613310 MHz
[2018.03.17-15.41.58:279][  0]LogMemory: Memory total: Physical=15.9GB (16GB approx)
[2018.03.17-15.41.58:279][  0]LogMemory: Platform Memory Stats for Windows
[2018.03.17-15.41.58:279][  0]LogMemory: Process Physical Memory: 280.12 MB used, 280.12 MB peak
[2018.03.17-15.41.58:279][  0]LogMemory: Process Virtual Memory: 277.33 MB used, 277.33 MB peak
[2018.03.17-15.41.58:279][  0]LogMemory: Physical Memory: 5139.15 MB used,  11122.58 MB free, 16261.73 MB total
[2018.03.17-15.41.58:279][  0]LogMemory: Virtual Memory: 657.11 MB used,  11122.58 MB free, 8388608.00 MB total
[2018.03.17-15.41.58:574][  0]LogInit: Using OS detected language (en-GB).
[2018.03.17-15.41.58:574][  0]LogInit: Using OS detected locale (en-GB).
[2018.03.17-15.41.58:582][  0]LogTextLocalizationManager: No specific localization for 'en-GB' exists, so the 'en' localization will be used.
[2018.03.17-15.41.59:357][  0]LogD3D11RHI: D3D11 adapters:
[2018.03.17-15.41.59:383][  0]LogD3D11RHI:    0. 'NVIDIA GeForce GTX 760' (Feature Level 11_0)
[2018.03.17-15.41.59:384][  0]LogD3D11RHI:       1990/0/7874 MB DedicatedVideo/DedicatedSystem/SharedSystem, Outputs:2, VendorId:0x10de
[2018.03.17-15.41.59:384][  0]LogD3D11RHI: Chosen D3D11 Adapter: 0
[2018.03.17-15.41.59:391][  0]LogD3D11RHI: Creating new Direct3DDevice
[2018.03.17-15.41.59:392][  0]LogD3D11RHI:     GPU DeviceId: 0x1187 (for the marketing name, search the web for "GPU Device Id")
[2018.03.17-15.41.59:392][  0]LogWindows: EnumDisplayDevices:
[2018.03.17-15.41.59:392][  0]LogWindows:    0. 'NVIDIA GeForce GTX 760' (P:1 D:1)
[2018.03.17-15.41.59:392][  0]LogWindows:    1. 'NVIDIA GeForce GTX 760' (P:0 D:1)
[2018.03.17-15.41.59:393][  0]LogWindows:    2. 'NVIDIA GeForce GTX 760' (P:0 D:0)
[2018.03.17-15.41.59:393][  0]LogWindows:    3. 'NVIDIA GeForce GTX 760' (P:0 D:0)
[2018.03.17-15.41.59:393][  0]LogWindows:    4. 'RDPDD Chained DD' (P:0 D:0)
[2018.03.17-15.41.59:394][  0]LogWindows:    5. 'RDP Encoder Mirror Driver' (P:0 D:0)
[2018.03.17-15.41.59:394][  0]LogWindows:    6. 'RDP Reflector Display Driver' (P:0 D:0)
[2018.03.17-15.41.59:394][  0]LogWindows: DebugString: GetVideoDriverDetailsInvalid PrimaryIsNotTheChoosenAdapter GetVideoDriverDetailsInvalid PrimaryIsNotTheChoosenAdapter GetVideoDriverDetailsInvalid PrimaryIsNotTheChoosenAdapter FoundDriverCount:4 
[2018.03.17-15.41.59:394][  0]LogD3D11RHI:     Adapter Name: NVIDIA GeForce GTX 760
[2018.03.17-15.41.59:394][  0]LogD3D11RHI:   Driver Version: 388.13 (internal:23.21.13.8813, unified:388.13)
[2018.03.17-15.41.59:395][  0]LogD3D11RHI:      Driver Date: 10-27-2017
[2018.03.17-15.41.59:395][  0]LogRHI: Texture pool is 1361 MB (70% of 1945 MB)
[2018.03.17-15.41.59:405][  0]LogD3D11RHI: Async texture creation enabled
[2018.03.17-15.41.59:451][  0]LogD3D11RHI: GPU Timing Frequency: 1000.000000 (Debug: 2 2)
[2018.03.17-15.41.59:499][  0]LogShaderCompilers: Guid format shader working directory is -11 characters bigger than the processId version (../../../../../../Users/Games/Documents/PlayablePrototype/Intermediate/Shaders/WorkingDirectory/3500/).
[2018.03.17-15.41.59:500][  0]LogShaderCompilers: Cleaned the shader compiler working directory 'C:/Users/Games/AppData/Local/Temp/UnrealShaderWorkingDir/7EDC5C6645B0948C52A2E9A422B08ABC/'.
[2018.03.17-15.41.59:501][  0]LogShaderCompilers: Display: Using Local Shader Compiler.
[2018.03.17-15.42.00:945][  0]LogTemp: Display: Loaded TP AllDesktopTargetPlatform
[2018.03.17-15.42.01:024][  0]LogTemp: Display: Loaded TP MacClientTargetPlatform
[2018.03.17-15.42.01:125][  0]LogTemp: Display: Loaded TP MacNoEditorTargetPlatform
[2018.03.17-15.42.01:204][  0]LogTemp: Display: Loaded TP MacServerTargetPlatform
[2018.03.17-15.42.01:293][  0]LogTemp: Display: Loaded TP MacTargetPlatform
[2018.03.17-15.42.01:414][  0]LogTemp: Display: Loaded TP WindowsClientTargetPlatform
[2018.03.17-15.42.01:538][  0]LogTemp: Display: Loaded TP WindowsNoEditorTargetPlatform
[2018.03.17-15.42.01:633][  0]LogTemp: Display: Loaded TP WindowsServerTargetPlatform
[2018.03.17-15.42.01:713][  0]LogTemp: Display: Loaded TP WindowsTargetPlatform
[2018.03.17-15.42.01:782][  0]LogTemp: Display: Loaded TP AndroidTargetPlatform
[2018.03.17-15.42.01:856][  0]LogTemp: Display: Loaded TP Android_ASTCTargetPlatform
[2018.03.17-15.42.01:923][  0]LogTemp: Display: Loaded TP Android_ATCTargetPlatform
[2018.03.17-15.42.02:001][  0]LogTemp: Display: Loaded TP Android_DXTTargetPlatform
[2018.03.17-15.42.02:110][  0]LogTemp: Display: Loaded TP Android_ETC1TargetPlatform
[2018.03.17-15.42.02:177][  0]LogTemp: Display: Loaded TP Android_ETC2TargetPlatform
[2018.03.17-15.42.02:345][  0]LogTemp: Display: Loaded TP Android_MultiTargetPlatform
[2018.03.17-15.42.02:345][  0]LogTemp: Display: Loaded TP Android_PVRTCTargetPlatform
[2018.03.17-15.42.02:419][  0]LogTemp: Display: Loaded TP HTML5TargetPlatform
[2018.03.17-15.42.02:559][  0]LogTemp: Display: Loaded TP IOSTargetPlatform
[2018.03.17-15.42.02:610][  0]LogTemp: Display: Loaded TP TVOSTargetPlatform
[2018.03.17-15.42.02:680][  0]LogTemp: Display: Loaded TP LinuxClientTargetPlatform
[2018.03.17-15.42.02:763][  0]LogTemp: Display: Loaded TP LinuxNoEditorTargetPlatform
[2018.03.17-15.42.02:845][  0]LogTemp: Display: Loaded TP LinuxServerTargetPlatform
[2018.03.17-15.42.02:928][  0]LogTemp: Display: Loaded TP LinuxTargetPlatform
[2018.03.17-15.42.02:929][  0]LogTargetPlatformManager: Display: Building Assets For Windows
[2018.03.17-15.42.03:652][  0]LogDerivedDataCache: Display: Max Cache Size: 512 MB
[2018.03.17-15.42.03:795][  0]LogDerivedDataCache: Loaded boot cache 0.14s 93MB C:/Users/Games/AppData/Local/UnrealEngine/4.17/DerivedDataCache/Boot.ddc.
[2018.03.17-15.42.03:795][  0]LogDerivedDataCache: Display: Loaded Boot cache: C:/Users/Games/AppData/Local/UnrealEngine/4.17/DerivedDataCache/Boot.ddc
[2018.03.17-15.42.03:796][  0]LogDerivedDataCache: FDerivedDataBackendGraph:  Pak pak cache file ../../../../../../Users/Games/Documents/PlayablePrototype/DerivedDataCache/DDC.ddp not found, will not use a pak cache.
[2018.03.17-15.42.03:796][  0]LogDerivedDataCache: Unable to find inner node Pak for hierarchical cache Hierarchy.
[2018.03.17-15.42.03:796][  0]LogDerivedDataCache: FDerivedDataBackendGraph:  CompressedPak pak cache file ../../../../../../Users/Games/Documents/PlayablePrototype/DerivedDataCache/Compressed.ddp not found, will not use a pak cache.
[2018.03.17-15.42.03:796][  0]LogDerivedDataCache: Unable to find inner node CompressedPak for hierarchical cache Hierarchy.
[2018.03.17-15.42.03:818][  0]LogDerivedDataCache: Display: Pak cache opened for reading ../../../Engine/DerivedDataCache/Compressed.ddp.
[2018.03.17-15.42.03:830][  0]LogDerivedDataCache: Using Local data cache path C:/Users/Games/AppData/Local/UnrealEngine/Common/DerivedDataCache: Writable
[2018.03.17-15.42.03:842][  0]LogMaterial: Verifying Global Shaders for PCD3D_SM5
[2018.03.17-15.42.03:842][  0]LogSlate: Using Freetype 2.6.0
[2018.03.17-15.42.03:843][  0]LogSlate: SlateFontCache - WITH_FREETYPE: 1, WITH_HARFBUZZ: 1
[2018.03.17-15.42.03:843][  0]LogSlate: SlateFontCache - WITH_FREETYPE: 1, WITH_HARFBUZZ: 1
[2018.03.17-15.42.04:253][  0]LogAssetRegistry: FAssetRegistry took 0.0259 seconds to start up
[2018.03.17-15.42.04:504][  0]LogInit: Selected Device Profile: [Windows]
[2018.03.17-15.42.04:514][  0]LogContentStreaming: Texture pool size is 0.00 MB
[2018.03.17-15.42.05:110][  0]LogSimplygon: Simplygon DLL not present - disabling.
[2018.03.17-15.42.05:171][  0]LogMeshReduction: Using SimplygonSwarm for distributed automatic mesh merging
[2018.03.17-15.42.05:171][  0]LogMeshReduction: Using QuadricMeshReduction for automatic static mesh reduction
[2018.03.17-15.42.05:171][  0]LogMeshReduction: No automatic skeletal mesh reduction module available
[2018.03.17-15.42.05:171][  0]LogMeshReduction: No automatic mesh merging module available
[2018.03.17-15.42.05:171][  0]LogMeshMerging: No automatic mesh merging module available
[2018.03.17-15.42.05:603][  0]LogNetVersion: PlayablePrototype , NetCL: 3573198, EngineNetVer: 2, GameNetVer: 0 (Checksum: 3890469684)
[2018.03.17-15.42.06:002][  0]LogPackageLocalizationCache: Processed 5 localized package path(s) for 2 prioritized culture(s) in 0.159127 seconds
[2018.03.17-15.42.06:015][  0]LogUObjectArray: 35825 objects as part of root set at end of initial load.
[2018.03.17-15.42.06:015][  0]LogUObjectAllocator: 7529112 out of 0 bytes used by permanent object pool.
[2018.03.17-15.42.06:016][  0]LogUObjectArray: CloseDisregardForGC: 0/0 objects in disregard for GC pool
[2018.03.17-15.42.06:125][  0]LogInit: WinSock: version 1.1 (2.2), MaxSocks=32767, MaxUdp=65467
[2018.03.17-15.42.10:000][  0]LogTcpMessaging: Initializing TcpMessaging bridge
[2018.03.17-15.42.10:044][  0]LogUdpMessaging: Initializing bridge on interface 0.0.0.0:0 to multicast group 230.0.0.1:6666.
[2018.03.17-15.42.11:056][  0]LogMaterial: Uniform references updated for custom material expression Custom.
[2018.03.17-15.42.11:710][  0]SourceControl: Source control is disabled
[2018.03.17-15.42.11:710][  0]SourceControl: Source control is disabled
[2018.03.17-15.42.11:791][  0]SourceControl: Source control is disabled
[2018.03.17-15.42.11:879][  0]SourceControl: Source control is disabled
[2018.03.17-15.42.12:841][  0]LogAndroidPermission: UAndroidPermissionCallbackProxy::GetInstance
[2018.03.17-15.42.13:206][  0]LogOcInput: OculusInput pre-init called
[2018.03.17-15.42.13:530][  0]LogEngine: Initializing Engine...
[2018.03.17-15.42.13:532][  0]LogHMD: Failed to initialize OpenVR with code 110
[2018.03.17-15.42.13:803][  0]LogStats: UGameplayTagsManager::ConstructGameplayTagTree: Construct from data asset -  0.000 s
[2018.03.17-15.42.13:803][  0]LogStats: UGameplayTagsManager::ConstructGameplayTagTree: GameplayTagTreeChangedEvent.Broadcast -  0.000 s
[2018.03.17-15.42.13:988][  0]LogAIModule: Creating AISystem for world Untitled
[2018.03.17-15.42.14:000][  0]LogInit: XAudio2 using 'Speakers (Conexant HD Audio)' : 2 channels at 44.1 kHz using 16 bits per sample (channel mask 0x3)
[2018.03.17-15.42.14:037][  0]LogInit: FAudioDevice initialized.
[2018.03.17-15.42.14:183][  0]LogDerivedDataCache: Saved boot cache 0.15s 93MB C:/Users/Games/AppData/Local/UnrealEngine/4.17/DerivedDataCache/Boot.ddc.
[2018.03.17-15.42.14:209][  0]LogInit: Texture streaming: Enabled
[2018.03.17-15.42.14:345][  0]LogEngineSessionManager: EngineSessionManager initialized
[2018.03.17-15.42.14:640][  0]LogInit: Transaction tracking system initialized
[2018.03.17-15.42.15:060][  0]BlueprintLog: New page: Editor Load
[2018.03.17-15.42.16:296][  0]LocalizationService: Localization service is disabled
[2018.03.17-15.42.17:477][  0]LogConsoleResponse: Display: 
[2018.03.17-15.42.17:745][  0]LogCook: Display: Max memory allowance for cook 16384mb min free memory 0mb
[2018.03.17-15.42.17:745][  0]LogCook: Display: Mobile HDR setting 1
[2018.03.17-15.42.17:746][  0]LogGameplayTags: Display: UGameplayTagsManager::DoneAddingNativeTags. DelegateIsBound: 0
[2018.03.17-15.42.18:209][  0]LogFileCache: Scanning file cache for directory 'C:/Users/Games/Documents/PlayablePrototype/Content/' took 0.06s
[2018.03.17-15.42.19:401][  0]SourceControl: Source control is disabled
[2018.03.17-15.42.19:401][  0]Cmd: MAP LOAD FILE="../../../../../../Users/Games/Documents/PlayablePrototype/Content/Maps/MainMenu.umap" TEMPLATE=0 SHOWPROGRESS=1 FEATURELEVEL=3
[2018.03.17-15.42.19:402][  0]LightingResults: New page: Lighting Build
[2018.03.17-15.42.19:478][  0]MapCheck: New page: Map Check
[2018.03.17-15.42.19:478][  0]LightingResults: New page: Lighting Build
[2018.03.17-15.42.19:865][  0]LogAIModule: Creating AISystem for world MainMenu
[2018.03.17-15.42.19:866][  0]LogEditorServer: Finished looking for orphan Actors (0.000 secs)
[2018.03.17-15.42.19:881][  0]Cmd: MAP CHECKDEP NOCLEARLOG
[2018.03.17-15.42.19:950][  0]MapCheck: Map check complete: 0 Error(s), 0 Warning(s), took 68.766ms to complete.
[2018.03.17-15.42.19:950][  0]LogFileHelpers: Loading map 'MainMenu' took 0.548
[2018.03.17-15.42.20:252][  0]LogCollectionManager: Loaded 0 collections in 0.017961 seconds
[2018.03.17-15.42.20:396][  0]LogFileCache: Scanning file cache for directory 'C:/Users/Games/Documents/PlayablePrototype/Saved/Collections/' took 0.01s
[2018.03.17-15.42.20:396][  0]LogFileCache: Scanning file cache for directory 'C:/Users/Games/Documents/PlayablePrototype/Content/Developers/Games/Collections/' took 0.01s
[2018.03.17-15.42.20:396][  0]LogFileCache: Scanning file cache for directory 'C:/Users/Games/Documents/PlayablePrototype/Content/Collections/' took 0.01s
[2018.03.17-15.42.20:397][  0]LogCollectionManager: Rebuilt the GUID cache for 0 collections in 0.000001 seconds
[2018.03.17-15.42.20:409][  0]LogContentBrowser: Native class hierarchy populated in 0.0118 seconds. Added 2386 classes and 500 folders.
[2018.03.17-15.42.20:529][  0]LogContentBrowser: Native class hierarchy updated for 'WidgetCarousel' in 0.0007 seconds. Added 0 classes and 0 folders.
[2018.03.17-15.42.22:286][  0]LogContentBrowser: Native class hierarchy updated for 'AddContentDialog' in 0.0017 seconds. Added 0 classes and 0 folders.
[2018.03.17-15.42.22:454][  0]LogContentBrowser: Native class hierarchy updated for 'SceneOutliner' in 0.0008 seconds. Added 1 classes and 2 folders.
[2018.03.17-15.42.22:538][  0]LogSlate: Took 0.000514 seconds to synchronously load lazily loaded font '../../../Engine/Content/Slate/Fonts/Roboto-Regular.ttf' (155K)
[2018.03.17-15.42.22:545][  0]LogSlate: Took 0.000483 seconds to synchronously load lazily loaded font '../../../Engine/Content/Slate/Fonts/Roboto-Bold.ttf' (160K)
[2018.03.17-15.42.22:589][  0]LogSlate: Took 0.030226 seconds to synchronously load lazily loaded font '../../../Engine/Content/Editor/Slate/Fonts/FontAwesome.ttf' (139K)
[2018.03.17-15.42.22:927][  0]LogRenderer: Reallocating scene render targets to support 1208x580 Format 10 NumSamples 1 (Frame:1).
[2018.03.17-15.42.23:178][  0]LogContentBrowser: Native class hierarchy updated for 'HierarchicalLODOutliner' in 0.0012 seconds. Added 1 classes and 2 folders.
[2018.03.17-15.42.23:178][  0]LogLoad: (Engine Initialization) Total time: 29.20 seconds
[2018.03.17-15.42.23:179][  0]LogLoad: (Engine Initialization) Total Blueprint compile time: 0.00 seconds
[2018.03.17-15.42.23:179][  0]LogExternalProfiler: Found external profiler: VSPerf
[2018.03.17-15.42.23:179][  0]LogExternalProfiler: Using external profiler: VSPerf
[2018.03.17-15.42.23:210][  0]LogContentStreaming: Texture pool size now 1000 MB
[2018.03.17-15.42.23:380][  0]LogSlate: Took 0.020627 seconds to synchronously load lazily loaded font '../../../Engine/Content/Slate/Fonts/Roboto-Light.ttf' (159K)
[2018.03.17-15.42.23:434][  1]LogAssetRegistry: Asset discovery search completed in 19.2018 seconds
[2018.03.17-15.42.23:436][  1]LogCollectionManager: Rebuilt the object cache for 0 collections in 0.000001 seconds (found 0 objects)
[2018.03.17-15.42.23:436][  1]LogCollectionManager: Fixed up redirectors for 0 collections in 0.000190 seconds (updated 0 objects)
[2018.03.17-15.42.29:665][739]LogSlate: Took 0.000167 seconds to synchronously load lazily loaded font '../../../Engine/Content/Slate/Fonts/Roboto-Light.ttf' (159K)
[2018.03.17-15.42.30:272][739]LogSlate: Took 0.000165 seconds to synchronously load lazily loaded font '../../../Engine/Content/Slate/Fonts/Roboto-Regular.ttf' (155K)
[2018.03.17-15.42.30:475][739]LogContentBrowser: Native class hierarchy updated for 'BlueprintGraph' in 0.0011 seconds. Added 113 classes and 0 folders.
[2018.03.17-15.42.32:274][739]LogSlate: Took 0.036452 seconds to synchronously load lazily loaded font '../../../Engine/Content/Editor/Slate/Fonts/Roboto-BoldCondensed.ttf' (158K)
[2018.03.17-15.42.32:999][740]LogSlate: Took 0.034146 seconds to synchronously load lazily loaded font '../../../Engine/Content/Editor/Slate/Fonts/Roboto-Italic.ttf' (157K)
[2018.03.17-15.42.43:453][587]BlueprintLog: New page: Compile AKnightsDuel
[2018.03.17-15.42.44:272][624]Cmd: OBJ SAVEPACKAGE PACKAGE="/Game/BP/AKnightsDuel" FILE="../../../../../../Users/Games/Documents/PlayablePrototype/Content/BP/AKnightsDuel.uasset" SILENT=true
[2018.03.17-15.42.44:601][624]LogSavePackage: Save=165.90ms
[2018.03.17-15.42.44:602][624]LogSavePackage: Moving '../../../../../../Users/Games/Documents/PlayablePrototype/Saved/AKnightsDuel34DF3E8745D84874A56C789BCDA01479.tmp' to '../../../../../../Users/Games/Documents/PlayablePrototype/Content/BP/AKnightsDuel.uasset'
[2018.03.17-15.42.44:608][624]LogSavePackage: Display: Finished SavePackage ../../../../../../Users/Games/Documents/PlayablePrototype/Content/BP/AKnightsDuel.uasset
[2018.03.17-15.42.49:931][182]BlueprintLog: New page: Compile AKnightsDuel
[2018.03.17-15.42.50:609][218]Cmd: OBJ SAVEPACKAGE PACKAGE="/Game/BP/AKnightsDuel" FILE="../../../../../../Users/Games/Documents/PlayablePrototype/Content/BP/AKnightsDuel.uasset" SILENT=true
[2018.03.17-15.42.50:725][218]LogSavePackage: Save=105.53ms
[2018.03.17-15.42.50:725][218]LogSavePackage: Moving '../../../../../../Users/Games/Documents/PlayablePrototype/Saved/AKnightsDuelDA2C7A134F2B52F48A4E7FAF7521E28E.tmp' to '../../../../../../Users/Games/Documents/PlayablePrototype/Content/BP/AKnightsDuel.uasset'
[2018.03.17-15.42.50:732][218]LogSavePackage: Display: Finished SavePackage ../../../../../../Users/Games/Documents/PlayablePrototype/Content/BP/AKnightsDuel.uasset
[2018.03.17-15.43.01:489][427]LogEditorTransaction: Undo Delete current selection
[2018.03.17-15.43.01:522][427]LogSlate: Took 0.000231 seconds to synchronously load lazily loaded font '../../../Engine/Content/Slate/Fonts/Roboto-Light.ttf' (159K)
[2018.03.17-15.43.02:313][493]BlueprintLog: New page: Compile AKnightsDuel
[2018.03.17-15.43.03:075][533]Cmd: OBJ SAVEPACKAGE PACKAGE="/Game/BP/AKnightsDuel" FILE="../../../../../../Users/Games/Documents/PlayablePrototype/Content/BP/AKnightsDuel.uasset" SILENT=true
[2018.03.17-15.43.03:181][533]LogSavePackage: Save=93.57ms
[2018.03.17-15.43.03:182][533]LogSavePackage: Moving '../../../../../../Users/Games/Documents/PlayablePrototype/Saved/AKnightsDuel82614C8B4F2D7E470037CF8C8682DF39.tmp' to '../../../../../../Users/Games/Documents/PlayablePrototype/Content/BP/AKnightsDuel.uasset'
[2018.03.17-15.43.03:186][533]LogSavePackage: Display: Finished SavePackage ../../../../../../Users/Games/Documents/PlayablePrototype/Content/BP/AKnightsDuel.uasset
[2018.03.17-15.43.59:990][388]Cmd: OBJ SAVEPACKAGE PACKAGE="/Game/BP/AKnightsDuel" FILE="../../../../../../Users/Games/Documents/PlayablePrototype/Content/BP/AKnightsDuel.uasset" SILENT=true
[2018.03.17-15.44.00:104][388]LogSavePackage: Save=100.89ms
[2018.03.17-15.44.00:105][388]LogSavePackage: Moving '../../../../../../Users/Games/Documents/PlayablePrototype/Saved/AKnightsDuelC3F1ABEE41335292E59A138BB6089732.tmp' to '../../../../../../Users/Games/Documents/PlayablePrototype/Content/BP/AKnightsDuel.uasset'
[2018.03.17-15.44.00:110][388]LogSavePackage: Display: Finished SavePackage ../../../../../../Users/Games/Documents/PlayablePrototype/Content/BP/AKnightsDuel.uasset
[2018.03.17-15.45.15:904][616]LogEditorTransaction: Undo Move Node
[2018.03.17-15.45.22:921][218]BlueprintLog: New page: Compile AKnightsDuel
[2018.03.17-15.45.23:604][249]Cmd: OBJ SAVEPACKAGE PACKAGE="/Game/BP/AKnightsDuel" FILE="../../../../../../Users/Games/Documents/PlayablePrototype/Content/BP/AKnightsDuel.uasset" SILENT=true
[2018.03.17-15.45.23:712][249]LogSavePackage: Save=94.90ms
[2018.03.17-15.45.23:712][249]LogSavePackage: Moving '../../../../../../Users/Games/Documents/PlayablePrototype/Saved/AKnightsDuel6E99857B4DC2D821F96E918F2FE6F4A2.tmp' to '../../../../../../Users/Games/Documents/PlayablePrototype/Content/BP/AKnightsDuel.uasset'
[2018.03.17-15.45.23:718][249]LogSavePackage: Display: Finished SavePackage ../../../../../../Users/Games/Documents/PlayablePrototype/Content/BP/AKnightsDuel.uasset
[2018.03.17-15.46.10:876][ 42]LogEditorTransaction: Undo Move Node
[2018.03.17-15.47.00:577][ 90]BlueprintLog: New page: Compile AKnightsDuel
[2018.03.17-15.47.01:369][112]Cmd: OBJ SAVEPACKAGE PACKAGE="/Game/BP/AKnightsDuel" FILE="../../../../../../Users/Games/Documents/PlayablePrototype/Content/BP/AKnightsDuel.uasset" SILENT=true
[2018.03.17-15.47.01:521][112]LogSavePackage: Save=132.42ms
[2018.03.17-15.47.01:522][112]LogSavePackage: Moving '../../../../../../Users/Games/Documents/PlayablePrototype/Saved/AKnightsDuelB50401EE4A09FACF96729A82BBC22B25.tmp' to '../../../../../../Users/Games/Documents/PlayablePrototype/Content/BP/AKnightsDuel.uasset'
[2018.03.17-15.47.01:529][112]LogSavePackage: Display: Finished SavePackage ../../../../../../Users/Games/Documents/PlayablePrototype/Content/BP/AKnightsDuel.uasset
[2018.03.17-15.47.21:959][200]BlueprintLog: New page: Compile AKnightsDuel
[2018.03.17-15.47.22:752][249]Cmd: OBJ SAVEPACKAGE PACKAGE="/Game/BP/AKnightsDuel" FILE="../../../../../../Users/Games/Documents/PlayablePrototype/Content/BP/AKnightsDuel.uasset" SILENT=true
[2018.03.17-15.47.22:862][249]LogSavePackage: Save=97.48ms
[2018.03.17-15.47.22:862][249]LogSavePackage: Moving '../../../../../../Users/Games/Documents/PlayablePrototype/Saved/AKnightsDuelA34382774EDAF115650792B8FD0ABEC2.tmp' to '../../../../../../Users/Games/Documents/PlayablePrototype/Content/BP/AKnightsDuel.uasset'
[2018.03.17-15.47.22:867][249]LogSavePackage: Display: Finished SavePackage ../../../../../../Users/Games/Documents/PlayablePrototype/Content/BP/AKnightsDuel.uasset
[2018.03.17-15.47.50:560][ 60]BlueprintLog: New page: Compile AKnightsDuel
[2018.03.17-15.47.51:304][ 89]Cmd: OBJ SAVEPACKAGE PACKAGE="/Game/BP/AKnightsDuel" FILE="../../../../../../Users/Games/Documents/PlayablePrototype/Content/BP/AKnightsDuel.uasset" SILENT=true
[2018.03.17-15.47.51:452][ 89]LogSavePackage: Save=109.88ms
[2018.03.17-15.47.51:452][ 89]LogSavePackage: Moving '../../../../../../Users/Games/Documents/PlayablePrototype/Saved/AKnightsDuelC71B794F4D03C0EB82E856A56353CEB4.tmp' to '../../../../../../Users/Games/Documents/PlayablePrototype/Content/BP/AKnightsDuel.uasset'
[2018.03.17-15.47.51:459][ 89]LogSavePackage: Display: Finished SavePackage ../../../../../../Users/Games/Documents/PlayablePrototype/Content/BP/AKnightsDuel.uasset
[2018.03.17-15.48.40:065][895]BlueprintLog: New page: Compile AKnightsDuel
[2018.03.17-15.48.41:000][955]Cmd: OBJ SAVEPACKAGE PACKAGE="/Game/BP/AKnightsDuel" FILE="../../../../../../Users/Games/Documents/PlayablePrototype/Content/BP/AKnightsDuel.uasset" SILENT=true
[2018.03.17-15.48.41:140][955]LogSavePackage: Save=127.14ms
[2018.03.17-15.48.41:141][955]LogSavePackage: Moving '../../../../../../Users/Games/Documents/PlayablePrototype/Saved/AKnightsDuelE23DF96041B65C62AF31A7829D34EAB3.tmp' to '../../../../../../Users/Games/Documents/PlayablePrototype/Content/BP/AKnightsDuel.uasset'
[2018.03.17-15.48.41:147][955]LogSavePackage: Display: Finished SavePackage ../../../../../../Users/Games/Documents/PlayablePrototype/Content/BP/AKnightsDuel.uasset
[2018.03.17-15.48.43:001][148]LogTemp: Repeating last play command: Selected Viewport
[2018.03.17-15.48.43:471][148]LogBlueprintUserMessages: Early PlayInEditor Detection: Level '/Game/Maps/MainMenu.MainMenu:PersistentLevel' has LevelScriptBlueprint '/Game/Maps/MainMenu.MainMenu:PersistentLevel.MainMenu' with GeneratedClass '/Game/Maps/MainMenu.MainMenu_C' with ClassGeneratedBy '/Game/Maps/MainMenu.MainMenu:PersistentLevel.MainMenu'
[2018.03.17-15.48.43:472][148]LogPlayLevel: PlayLevel: No blueprints needed recompiling
[2018.03.17-15.48.44:321][148]PIE: New page: PIE session: MainMenu (17 Mar 2018 15:48:43)
[2018.03.17-15.48.44:322][148]LogPlayLevel: Creating play world package: /Game/Maps/UEDPIE_0_MainMenu
[2018.03.17-15.48.44:325][148]LogPlayLevel: PIE: StaticDuplicateObject took: (0.002749s)
[2018.03.17-15.48.44:327][148]LogAIModule: Creating AISystem for world MainMenu
[2018.03.17-15.48.44:328][148]LogPlayLevel: PIE: World Init took: (0.002396s)
[2018.03.17-15.48.44:329][148]LogPlayLevel: PIE: Created PIE world by copying editor world from /Game/Maps/MainMenu.MainMenu to /Game/Maps/UEDPIE_0_MainMenu.MainMenu (0.007028s)
[2018.03.17-15.48.44:376][148]LogInit: XAudio2 using 'Speakers (Conexant HD Audio)' : 2 channels at 44.1 kHz using 16 bits per sample (channel mask 0x3)
[2018.03.17-15.48.44:397][148]LogInit: FAudioDevice initialized.
[2018.03.17-15.48.44:445][148]LogLoad: Game class is 'AKnightsDuel_C'
[2018.03.17-15.48.44:525][148]LogWorld: Bringing World /Game/Maps/UEDPIE_0_MainMenu.MainMenu up for play (max tick rate 0) at 2018.03.17-15.48.44
[2018.03.17-15.48.44:527][148]LogWorld: Bringing up level for play took: 0.002644
[2018.03.17-15.48.44:934][148]LogContentBrowser: Native class hierarchy updated for 'MovieSceneCapture' in 0.0020 seconds. Added 11 classes and 0 folders.
[2018.03.17-15.48.44:940][148]PIE: Play in editor start time for /Game/Maps/UEDPIE_0_MainMenu 0.744
[2018.03.17-15.48.44:941][148]LogBlueprintUserMessages: Late PlayInEditor Detection: Level '/Game/Maps/MainMenu.MainMenu:PersistentLevel' has LevelScriptBlueprint '/Game/Maps/MainMenu.MainMenu:PersistentLevel.MainMenu' with GeneratedClass '/Game/Maps/MainMenu.MainMenu_C' with ClassGeneratedBy '/Game/Maps/MainMenu.MainMenu:PersistentLevel.MainMenu'
[2018.03.17-15.48.50:192][648]LogBlueprintUserMessages: [AKnightsDuel_C_0] 1
[2018.03.17-15.48.50:222][648]LogBlueprintUserMessages: [AKnightsDuel_C_0] Player 1 Damaged
[2018.03.17-15.48.59:532][599]LogBlueprintUserMessages: Early EndPlayMap Detection: Level '/Game/Maps/MainMenu.MainMenu:PersistentLevel' has LevelScriptBlueprint '/Game/Maps/MainMenu.MainMenu:PersistentLevel.MainMenu' with GeneratedClass '/Game/Maps/MainMenu.MainMenu_C' with ClassGeneratedBy '/Game/Maps/MainMenu.MainMenu:PersistentLevel.MainMenu'
[2018.03.17-15.48.59:565][599]LogBlueprintUserMessages: Late EndPlayMap Detection: Level '/Game/Maps/MainMenu.MainMenu:PersistentLevel' has LevelScriptBlueprint '/Game/Maps/MainMenu.MainMenu:PersistentLevel.MainMenu' with GeneratedClass '/Game/Maps/MainMenu.MainMenu_C' with ClassGeneratedBy '/Game/Maps/MainMenu.MainMenu:PersistentLevel.MainMenu'
[2018.03.17-15.49.16:990][929]BlueprintLog: New page: Compile AKnightsDuel
[2018.03.17-15.49.43:299][960]Cmd: OBJ SAVEPACKAGE PACKAGE="/Game/BP/AKnightsDuel" FILE="../../../../../../Users/Games/Documents/PlayablePrototype/Content/BP/AKnightsDuel.uasset" SILENT=true
[2018.03.17-15.49.43:426][960]LogSavePackage: Save=115.76ms
[2018.03.17-15.49.43:426][960]LogSavePackage: Moving '../../../../../../Users/Games/Documents/PlayablePrototype/Saved/AKnightsDuelEA23B94A4CC1F94033C1839FDF7F7227.tmp' to '../../../../../../Users/Games/Documents/PlayablePrototype/Content/BP/AKnightsDuel.uasset'
[2018.03.17-15.49.43:430][960]LogSavePackage: Display: Finished SavePackage ../../../../../../Users/Games/Documents/PlayablePrototype/Content/BP/AKnightsDuel.uasset
[2018.03.17-15.49.46:919][218]LogTemp: Repeating last play command: Selected Viewport
[2018.03.17-15.49.46:938][218]LogBlueprintUserMessages: Early PlayInEditor Detection: Level '/Game/Maps/MainMenu.MainMenu:PersistentLevel' has LevelScriptBlueprint '/Game/Maps/MainMenu.MainMenu:PersistentLevel.MainMenu' with GeneratedClass '/Game/Maps/MainMenu.MainMenu_C' with ClassGeneratedBy '/Game/Maps/MainMenu.MainMenu:PersistentLevel.MainMenu'
[2018.03.17-15.49.46:938][218]LogPlayLevel: PlayLevel: No blueprints needed recompiling
[2018.03.17-15.49.46:939][218]PIE: New page: PIE session: MainMenu (17 Mar 2018 15:49:46)
[2018.03.17-15.49.46:939][218]LogPlayLevel: Creating play world package: /Game/Maps/UEDPIE_0_MainMenu
[2018.03.17-15.49.46:940][218]LogPlayLevel: PIE: StaticDuplicateObject took: (0.001090s)
[2018.03.17-15.49.46:941][218]LogAIModule: Creating AISystem for world MainMenu
[2018.03.17-15.49.46:941][218]LogPlayLevel: PIE: World Init took: (0.000947s)
[2018.03.17-15.49.46:942][218]LogPlayLevel: PIE: Created PIE world by copying editor world from /Game/Maps/MainMenu.MainMenu to /Game/Maps/UEDPIE_0_MainMenu.MainMenu (0.002669s)
[2018.03.17-15.49.46:964][218]LogInit: XAudio2 using 'Speakers (Conexant HD Audio)' : 2 channels at 44.1 kHz using 16 bits per sample (channel mask 0x3)
[2018.03.17-15.49.46:976][218]LogInit: FAudioDevice initialized.
[2018.03.17-15.49.47:008][218]LogLoad: Game class is 'AKnightsDuel_C'
[2018.03.17-15.49.47:009][218]LogWorld: Bringing World /Game/Maps/UEDPIE_0_MainMenu.MainMenu up for play (max tick rate 0) at 2018.03.17-15.49.47
[2018.03.17-15.49.47:010][218]LogWorld: Bringing up level for play took: 0.000885
[2018.03.17-15.49.47:012][218]PIE: Play in editor start time for /Game/Maps/UEDPIE_0_MainMenu 0.816
[2018.03.17-15.49.47:013][218]LogBlueprintUserMessages: Late PlayInEditor Detection: Level '/Game/Maps/MainMenu.MainMenu:PersistentLevel' has LevelScriptBlueprint '/Game/Maps/MainMenu.MainMenu:PersistentLevel.MainMenu' with GeneratedClass '/Game/Maps/MainMenu.MainMenu_C' with ClassGeneratedBy '/Game/Maps/MainMenu.MainMenu:PersistentLevel.MainMenu'
[2018.03.17-15.49.53:121][655]LogBlueprintUserMessages: [AKnightsDuel_C_0] Player 1 Damaged
[2018.03.17-15.50.01:233][239]LogBlueprintUserMessages: [AKnightsDuel_C_0] Player 1 Damaged
[2018.03.17-15.50.06:649][633]LogBlueprintUserMessages: [AKnightsDuel_C_0] Niether Player Damaged
[2018.03.17-15.50.13:435][114]LogBlueprintUserMessages: [AKnightsDuel_C_0] Player 2 Damaged
[2018.03.17-15.50.18:599][485]LogBlueprintUserMessages: [AKnightsDuel_C_0] Niether Player Damaged
[2018.03.17-15.50.25:023][936]LogBlueprintUserMessages: [AKnightsDuel_C_0] Player 1 Damaged
[2018.03.17-15.50.30:216][308]LogBlueprintUserMessages: [AKnightsDuel_C_0] Player 1 Damaged
[2018.03.17-15.50.35:787][705]LogBlueprintUserMessages: [AKnightsDuel_C_0] Player 1 Damaged
[2018.03.17-15.51.27:799][902]LogBlueprintUserMessages: [AKnightsDuel_C_0] Niether Player Damaged
[2018.03.17-15.51.33:123][326]LogBlueprintUserMessages: [AKnightsDuel_C_0] Player 1 Damaged
[2018.03.17-15.51.39:641][844]LogBlueprintUserMessages: Early EndPlayMap Detection: Level '/Game/Maps/MainMenu.MainMenu:PersistentLevel' has LevelScriptBlueprint '/Game/Maps/MainMenu.MainMenu:PersistentLevel.MainMenu' with GeneratedClass '/Game/Maps/MainMenu.MainMenu_C' with ClassGeneratedBy '/Game/Maps/MainMenu.MainMenu:PersistentLevel.MainMenu'
[2018.03.17-15.51.39:673][844]LogBlueprintUserMessages: Late EndPlayMap Detection: Level '/Game/Maps/MainMenu.MainMenu:PersistentLevel' has LevelScriptBlueprint '/Game/Maps/MainMenu.MainMenu:PersistentLevel.MainMenu' with GeneratedClass '/Game/Maps/MainMenu.MainMenu_C' with ClassGeneratedBy '/Game/Maps/MainMenu.MainMenu:PersistentLevel.MainMenu'
[2018.03.17-15.52.07:169][986]BlueprintLog: New page: Compile AKnightsDuel
[2018.03.17-15.52.07:879][ 14]Cmd: OBJ SAVEPACKAGE PACKAGE="/Game/BP/AKnightsDuel" FILE="../../../../../../Users/Games/Documents/PlayablePrototype/Content/BP/AKnightsDuel.uasset" SILENT=true
[2018.03.17-15.52.08:075][ 14]LogSavePackage: Save=178.90ms
[2018.03.17-15.52.08:075][ 14]LogSavePackage: Moving '../../../../../../Users/Games/Documents/PlayablePrototype/Saved/AKnightsDuelF110155E4D46B2BFDFFA52A21C08EC6A.tmp' to '../../../../../../Users/Games/Documents/PlayablePrototype/Content/BP/AKnightsDuel.uasset'
[2018.03.17-15.52.08:082][ 14]LogSavePackage: Display: Finished SavePackage ../../../../../../Users/Games/Documents/PlayablePrototype/Content/BP/AKnightsDuel.uasset
[2018.03.17-15.52.16:017][704]LogTemp: Repeating last play command: Selected Viewport
[2018.03.17-15.52.16:039][704]LogBlueprintUserMessages: Early PlayInEditor Detection: Level '/Game/Maps/MainMenu.MainMenu:PersistentLevel' has LevelScriptBlueprint '/Game/Maps/MainMenu.MainMenu:PersistentLevel.MainMenu' with GeneratedClass '/Game/Maps/MainMenu.MainMenu_C' with ClassGeneratedBy '/Game/Maps/MainMenu.MainMenu:PersistentLevel.MainMenu'
[2018.03.17-15.52.16:039][704]LogPlayLevel: PlayLevel: No blueprints needed recompiling
[2018.03.17-15.52.16:039][704]PIE: New page: PIE session: MainMenu (17 Mar 2018 15:52:16)
[2018.03.17-15.52.16:039][704]LogPlayLevel: Creating play world package: /Game/Maps/UEDPIE_0_MainMenu
[2018.03.17-15.52.16:041][704]LogPlayLevel: PIE: StaticDuplicateObject took: (0.001073s)
[2018.03.17-15.52.16:041][704]LogAIModule: Creating AISystem for world MainMenu
[2018.03.17-15.52.16:042][704]LogPlayLevel: PIE: World Init took: (0.001207s)
[2018.03.17-15.52.16:042][704]LogPlayLevel: PIE: Created PIE world by copying editor world from /Game/Maps/MainMenu.MainMenu to /Game/Maps/UEDPIE_0_MainMenu.MainMenu (0.002935s)
[2018.03.17-15.52.16:064][704]LogInit: XAudio2 using 'Speakers (Conexant HD Audio)' : 2 channels at 44.1 kHz using 16 bits per sample (channel mask 0x3)
[2018.03.17-15.52.16:076][704]LogInit: FAudioDevice initialized.
[2018.03.17-15.52.16:104][704]LogLoad: Game class is 'AKnightsDuel_C'
[2018.03.17-15.52.16:106][704]LogWorld: Bringing World /Game/Maps/UEDPIE_0_MainMenu.MainMenu up for play (max tick rate 0) at 2018.03.17-15.52.16
[2018.03.17-15.52.16:106][704]LogWorld: Bringing up level for play took: 0.000945
[2018.03.17-15.52.16:109][704]PIE: Play in editor start time for /Game/Maps/UEDPIE_0_MainMenu -0.089
[2018.03.17-15.52.16:109][704]LogBlueprintUserMessages: Late PlayInEditor Detection: Level '/Game/Maps/MainMenu.MainMenu:PersistentLevel' has LevelScriptBlueprint '/Game/Maps/MainMenu.MainMenu:PersistentLevel.MainMenu' with GeneratedClass '/Game/Maps/MainMenu.MainMenu_C' with ClassGeneratedBy '/Game/Maps/MainMenu.MainMenu:PersistentLevel.MainMenu'
[2018.03.17-15.52.21:570][148]LogBlueprintUserMessages: [AKnightsDuel_C_0] Player 2 Damaged
[2018.03.17-15.52.26:047][516]LogBlueprintUserMessages: [AKnightsDuel_C_0] Player 2 Damaged
[2018.03.17-15.52.30:084][848]LogBlueprintUserMessages: [AKnightsDuel_C_0] Player 2 Damaged
[2018.03.17-15.52.34:593][221]LogBlueprintUserMessages: [AKnightsDuel_C_0] Player 2 Damaged
[2018.03.17-15.52.38:697][558]LogBlueprintUserMessages: [AKnightsDuel_C_0] Player 2 Damaged
[2018.03.17-15.52.43:071][918]LogBlueprintUserMessages: [AKnightsDuel_C_0] Player 2 Damaged
[2018.03.17-15.52.54:384][844]LogBlueprintUserMessages: Early EndPlayMap Detection: Level '/Game/Maps/MainMenu.MainMenu:PersistentLevel' has LevelScriptBlueprint '/Game/Maps/MainMenu.MainMenu:PersistentLevel.MainMenu' with GeneratedClass '/Game/Maps/MainMenu.MainMenu_C' with ClassGeneratedBy '/Game/Maps/MainMenu.MainMenu:PersistentLevel.MainMenu'
[2018.03.17-15.52.54:420][844]LogBlueprintUserMessages: Late EndPlayMap Detection: Level '/Game/Maps/MainMenu.MainMenu:PersistentLevel' has LevelScriptBlueprint '/Game/Maps/MainMenu.MainMenu:PersistentLevel.MainMenu' with GeneratedClass '/Game/Maps/MainMenu.MainMenu_C' with ClassGeneratedBy '/Game/Maps/MainMenu.MainMenu:PersistentLevel.MainMenu'
[2018.03.17-15.53.18:689][821]BlueprintLog: New page: Compile AKnightsDuel
[2018.03.17-15.53.19:393][847]Cmd: OBJ SAVEPACKAGE PACKAGE="/Game/BP/AKnightsDuel" FILE="../../../../../../Users/Games/Documents/PlayablePrototype/Content/BP/AKnightsDuel.uasset" SILENT=true
[2018.03.17-15.53.19:544][847]LogSavePackage: Save=131.25ms
[2018.03.17-15.53.19:544][847]LogSavePackage: Moving '../../../../../../Users/Games/Documents/PlayablePrototype/Saved/AKnightsDuel657D50B7411379C5C3B416A93F3931EF.tmp' to '../../../../../../Users/Games/Documents/PlayablePrototype/Content/BP/AKnightsDuel.uasset'
[2018.03.17-15.53.19:550][847]LogSavePackage: Display: Finished SavePackage ../../../../../../Users/Games/Documents/PlayablePrototype/Content/BP/AKnightsDuel.uasset
[2018.03.17-15.53.29:159][644]Cmd: OBJ SAVEPACKAGE PACKAGE="/Game/BP/AKnightsDuel" FILE="../../../../../../Users/Games/Documents/PlayablePrototype/Content/BP/AKnightsDuel.uasset" SILENT=true
[2018.03.17-15.53.29:269][644]LogSavePackage: Save=97.45ms
[2018.03.17-15.53.29:270][644]LogSavePackage: Moving '../../../../../../Users/Games/Documents/PlayablePrototype/Saved/AKnightsDuelD194BC7E4F1D165822F987AC914C3451.tmp' to '../../../../../../Users/Games/Documents/PlayablePrototype/Content/BP/AKnightsDuel.uasset'
[2018.03.17-15.53.29:275][644]LogSavePackage: Display: Finished SavePackage ../../../../../../Users/Games/Documents/PlayablePrototype/Content/BP/AKnightsDuel.uasset
[2018.03.17-15.53.32:727][953]Cmd: OBJ SAVEPACKAGE PACKAGE="/Game/Maps/MainMenu" FILE="../../../../../../Users/Games/Documents/PlayablePrototype/Content/Maps/MainMenu.umap" SILENT=true AUTOSAVING=false KEEPDIRTY=false
[2018.03.17-15.53.32:796][953]LogSavePackage: Save=34.49ms
[2018.03.17-15.53.32:796][953]LogSavePackage: Moving '../../../../../../Users/Games/Documents/PlayablePrototype/Saved/MainMenu25D97CB4465ECD8647087480A44389AF.tmp' to '../../../../../../Users/Games/Documents/PlayablePrototype/Content/Maps/MainMenu.umap'
[2018.03.17-15.53.32:798][953]LogSavePackage: Display: Finished SavePackage ../../../../../../Users/Games/Documents/PlayablePrototype/Content/Maps/MainMenu.umap
[2018.03.17-15.58.36:619][732]Cmd: QUIT_EDITOR
[2018.03.17-15.58.36:681][732]LogExit: Preparing to exit.
[2018.03.17-15.58.37:302][732]LogDirectoryWatcher: A directory notification for 'C:/Users/Games/Documents/PlayablePrototype/Content/' was aborted.
[2018.03.17-15.58.37:362][732]LogExit: Editor shut down
[2018.03.17-15.58.37:369][732]LogExit: Transaction tracking system shut down
[2018.03.17-15.58.37:575][732]LogDirectoryWatcher: A directory notification for '../../../Engine/Content/' was aborted.
[2018.03.17-15.58.37:575][732]LogDirectoryWatcher: A directory notification for '../../../../../../Users/Games/Documents/PlayablePrototype/Content/' was aborted.
[2018.03.17-15.58.37:576][732]LogDirectoryWatcher: A directory notification for '../../../Engine/Plugins/2D/Paper2D/Content/' was aborted.
[2018.03.17-15.58.37:576][732]LogDirectoryWatcher: A directory notification for '../../../Engine/Plugins/Runtime/Oculus/OculusVR/Content/' was aborted.
[2018.03.17-15.58.37:576][732]LogDirectoryWatcher: A directory notification for '../../../Engine/Plugins/Runtime/Steam/SteamVR/Content/' was aborted.
[2018.03.17-15.58.37:678][732]LogExit: Object subsystem successfully closed.
[2018.03.17-15.58.37:700][732]LogD3D11RHI: Shutdown
[2018.03.17-15.58.37:700][732]LogD3D11RHI: CleanupD3DDevice
[2018.03.17-15.58.37:822][732]LogD3D11RHI: ~FD3D11DynamicRHI
[2018.03.17-15.58.37:925][732]LogModuleManager: Shutting down and abandoning module MovieSceneCapture (536)
[2018.03.17-15.58.37:925][732]LogModuleManager: Shutting down and abandoning module BlueprintGraph (534)
[2018.03.17-15.58.37:925][732]LogModuleManager: Shutting down and abandoning module BlueprintProfiler (532)
[2018.03.17-15.58.37:927][732]LogModuleManager: Shutting down and abandoning module HierarchicalLODOutliner (530)
[2018.03.17-15.58.37:927][732]LogModuleManager: Shutting down and abandoning module SceneOutliner (528)
[2018.03.17-15.58.37:928][732]LogModuleManager: Shutting down and abandoning module AddContentDialog (526)
[2018.03.17-15.58.37:934][732]LogDirectoryWatcher: A directory notification for 'C:/Program Files/Epic Games/UE_4.17/FeaturePacks/' was aborted.
[2018.03.17-15.58.37:936][732]LogModuleManager: Shutting down and abandoning module WidgetCarousel (525)
[2018.03.17-15.58.37:936][732]LogModuleManager: Shutting down and abandoning module EditorWidgets (522)
[2018.03.17-15.58.37:936][732]LogModuleManager: Shutting down and abandoning module CollectionManager (520)
[2018.03.17-15.58.37:936][732]LogDirectoryWatcher: A directory notification for 'C:/Users/Games/Documents/PlayablePrototype/Content/Collections/' was aborted.
[2018.03.17-15.58.37:936][732]LogDirectoryWatcher: A directory notification for 'C:/Users/Games/Documents/PlayablePrototype/Content/Developers/Games/Collections/' was aborted.
[2018.03.17-15.58.37:937][732]LogDirectoryWatcher: A directory notification for 'C:/Users/Games/Documents/PlayablePrototype/Saved/Collections/' was aborted.
[2018.03.17-15.58.37:937][732]LogModuleManager: Shutting down and abandoning module StatsViewer (518)
[2018.03.17-15.58.37:937][732]LogModuleManager: Shutting down and abandoning module FoliageEdit (516)
[2018.03.17-15.58.37:937][732]LogModuleManager: Shutting down and abandoning module LandscapeEditor (514)
[2018.03.17-15.58.37:937][732]LogModuleManager: Shutting down and abandoning module MeshPaintMode (512)
[2018.03.17-15.58.37:938][732]LogModuleManager: Shutting down and abandoning module SceneDepthPickerMode (510)
[2018.03.17-15.58.37:938][732]LogModuleManager: Shutting down and abandoning module ActorPickerMode (508)
[2018.03.17-15.58.37:938][732]LogModuleManager: Shutting down and abandoning module GeometryMode (506)
[2018.03.17-15.58.37:938][732]LogModuleManager: Shutting down and abandoning module TextureAlignMode (504)
[2018.03.17-15.58.37:938][732]LogModuleManager: Shutting down and abandoning module BspMode (502)
[2018.03.17-15.58.37:938][732]LogModuleManager: Shutting down and abandoning module PIEPreviewDeviceProfileSelector (500)
[2018.03.17-15.58.37:939][732]LogModuleManager: Shutting down and abandoning module HardwareSurvey (498)
[2018.03.17-15.58.37:939][732]LogModuleManager: Shutting down and abandoning module SequenceRecorderSections (496)
[2018.03.17-15.58.37:939][732]LogModuleManager: Shutting down and abandoning module AutomationWorker (494)
[2018.03.17-15.58.37:939][732]LogModuleManager: Shutting down and abandoning module MatineeToLevelSequence (492)
[2018.03.17-15.58.37:939][732]LogModuleManager: Shutting down and abandoning module LevelSequenceEditor (490)
[2018.03.17-15.58.37:939][732]LogModuleManager: Shutting down and abandoning module PlacementMode (489)
[2018.03.17-15.58.37:940][732]LogModuleManager: Shutting down and abandoning module WmfMediaFactory (486)
[2018.03.17-15.58.37:940][732]LogModuleManager: Shutting down and abandoning module WmfMediaEditor (484)
[2018.03.17-15.58.37:940][732]LogModuleManager: Shutting down and abandoning module AvfMediaFactory (482)
[2018.03.17-15.58.37:940][732]LogModuleManager: Shutting down and abandoning module AvfMediaEditor (480)
[2018.03.17-15.58.37:940][732]LogModuleManager: Shutting down and abandoning module AndroidMediaFactory (478)
[2018.03.17-15.58.37:940][732]LogModuleManager: Shutting down and abandoning module Media (477)
[2018.03.17-15.58.37:941][732]LogModuleManager: Shutting down and abandoning module AndroidMediaEditor (474)
[2018.03.17-15.58.37:941][732]LogModuleManager: Shutting down and abandoning module CharacterAI (472)
[2018.03.17-15.58.37:941][732]LogModuleManager: Shutting down and abandoning module AudioCapture (470)
[2018.03.17-15.58.37:941][732]LogModuleManager: Shutting down and abandoning module SequenceRecorder (469)
[2018.03.17-15.58.37:941][732]LogModuleManager: Shutting down and abandoning module SmartSnapping (466)
[2018.03.17-15.58.37:941][732]LogModuleManager: Shutting down and abandoning module SessionServices (464)
[2018.03.17-15.58.37:941][732]LogModuleManager: Shutting down and abandoning module ViewportSnapping (462)
[2018.03.17-15.58.37:942][732]LogModuleManager: Shutting down and abandoning module ViewportInteraction (460)
[2018.03.17-15.58.37:942][732]LogModuleManager: Shutting down and abandoning module ClothPainter (458)
[2018.03.17-15.58.37:942][732]LogModuleManager: Shutting down and abandoning module LogVisualizer (456)
[2018.03.17-15.58.37:942][732]LogModuleManager: Shutting down and abandoning module IntroTutorials (454)
[2018.03.17-15.58.37:942][732]LogModuleManager: Shutting down and abandoning module GameProjectGeneration (453)
[2018.03.17-15.58.37:943][732]LogModuleManager: Shutting down and abandoning module IOSPlatformEditor (450)
[2018.03.17-15.58.37:943][732]LogModuleManager: Shutting down and abandoning module HTML5PlatformEditor (448)
[2018.03.17-15.58.37:943][732]LogModuleManager: Shutting down and abandoning module AndroidPlatformEditor (446)
[2018.03.17-15.58.37:943][732]LogModuleManager: Shutting down and abandoning module AndroidDeviceDetection (445)
[2018.03.17-15.58.37:983][732]LogModuleManager: Shutting down and abandoning module WindowsPlatformEditor (442)
[2018.03.17-15.58.37:983][732]LogModuleManager: Shutting down and abandoning module IOSRuntimeSettings (440)
[2018.03.17-15.58.37:984][732]LogModuleManager: Shutting down and abandoning module AndroidRuntimeSettings (438)
[2018.03.17-15.58.37:984][732]LogModuleManager: Shutting down and abandoning module InputBindingEditor (436)
[2018.03.17-15.58.37:985][732]LogModuleManager: Shutting down and abandoning module MergeActors (434)
[2018.03.17-15.58.37:985][732]LogModuleManager: Shutting down and abandoning module SizeMap (432)
[2018.03.17-15.58.37:986][732]LogModuleManager: Shutting down and abandoning module TreeMap (430)
[2018.03.17-15.58.37:986][732]LogModuleManager: Shutting down and abandoning module ReferenceViewer (428)
[2018.03.17-15.58.37:986][732]LogModuleManager: Shutting down and abandoning module LocalizationDashboard (426)
[2018.03.17-15.58.37:987][732]LogModuleManager: Shutting down and abandoning module LocalizationService (425)
[2018.03.17-15.58.37:988][732]LogModuleManager: Shutting down and abandoning module HardwareTargeting (422)
[2018.03.17-15.58.37:988][732]LogModuleManager: Shutting down and abandoning module DeviceProfileEditor (420)
[2018.03.17-15.58.37:989][732]LogModuleManager: Shutting down and abandoning module UndoHistory (418)
[2018.03.17-15.58.37:989][732]LogModuleManager: Shutting down and abandoning module XmlParser (416)
[2018.03.17-15.58.37:989][732]LogModuleManager: Shutting down and abandoning module Blutility (414)
[2018.03.17-15.58.37:990][732]LogModuleManager: Shutting down and abandoning module ProjectSettingsViewer (412)
[2018.03.17-15.58.37:990][732]LogModuleManager: Shutting down and abandoning module ProjectTargetPlatformEditor (411)
[2018.03.17-15.58.37:991][732]LogModuleManager: Shutting down and abandoning module EditorSettingsViewer (408)
[2018.03.17-15.58.37:992][732]LogModuleManager: Shutting down and abandoning module SettingsEditor (406)
[2018.03.17-15.58.37:992][732]LogModuleManager: Shutting down and abandoning module ProjectLauncher (404)
[2018.03.17-15.58.37:993][732]LogModuleManager: Shutting down and abandoning module SessionFrontend (402)
[2018.03.17-15.58.37:993][732]LogModuleManager: Shutting down and abandoning module ProfilerClient (400)
[2018.03.17-15.58.37:994][732]LogModuleManager: Shutting down and abandoning module DeviceManager (398)
[2018.03.17-15.58.37:994][732]LogModuleManager: Shutting down and abandoning module TargetDeviceServices (397)
[2018.03.17-15.58.38:045][732]LogModuleManager: Shutting down and abandoning module AutomationController (394)
[2018.03.17-15.58.38:045][732]LogModuleManager: Shutting down and abandoning module AutomationWindow (392)
[2018.03.17-15.58.38:046][732]LogModuleManager: Shutting down and abandoning module Layers (390)
[2018.03.17-15.58.38:046][732]LogModuleManager: Shutting down and abandoning module ComponentVisualizers (388)
[2018.03.17-15.58.38:047][732]LogModuleManager: Shutting down and abandoning module DetailCustomizations (386)
[2018.03.17-15.58.38:047][732]LogModuleManager: Shutting down and abandoning module PackagesDialog (384)
[2018.03.17-15.58.38:048][732]LogModuleManager: Shutting down and abandoning module Persona (382)
[2018.03.17-15.58.38:049][732]LogModuleManager: Shutting down and abandoning module AdvancedPreviewScene (381)
[2018.03.17-15.58.38:049][732]LogModuleManager: Shutting down and abandoning module AnimGraph (379)
[2018.03.17-15.58.38:050][732]LogModuleManager: Shutting down and abandoning module Kismet (376)
[2018.03.17-15.58.38:067][732]LogModuleManager: Shutting down and abandoning module ClassViewer (374)
[2018.03.17-15.58.38:071][732]LogModuleManager: Shutting down and abandoning module Toolbox (372)
[2018.03.17-15.58.38:072][732]LogModuleManager: Shutting down and abandoning module ModuleUI (370)
[2018.03.17-15.58.38:072][732]LogModuleManager: Shutting down and abandoning module MovieSceneTools (368)
[2018.03.17-15.58.38:073][732]LogModuleManager: Shutting down and abandoning module OutputLog (366)
[2018.03.17-15.58.38:073][732]LogModuleManager: Shutting down and abandoning module GammaUI (364)
[2018.03.17-15.58.38:074][732]LogModuleManager: Shutting down and abandoning module Documentation (362)
[2018.03.17-15.58.38:074][732]LogModuleManager: Shutting down and abandoning module MovieSceneTracks (360)
[2018.03.17-15.58.38:075][732]LogModuleManager: Shutting down and abandoning module MovieScene (358)
[2018.03.17-15.58.38:075][732]LogModuleManager: Shutting down and abandoning module Niagara (356)
[2018.03.17-15.58.38:076][732]LogModuleManager: Shutting down and abandoning module NiagaraEditor (355)
[2018.03.17-15.58.38:076][732]LogModuleManager: Shutting down and abandoning module StreamingPauseRendering (352)
[2018.03.17-15.58.38:077][732]LogModuleManager: Shutting down and abandoning module LauncherPlatform (350)
[2018.03.17-15.58.38:077][732]LogModuleManager: Shutting down and abandoning module AnalyticsET (348)
[2018.03.17-15.58.38:078][732]LogModuleManager: Shutting down and abandoning module PortalServices (346)
[2018.03.17-15.58.38:078][732]LogModuleManager: Shutting down and abandoning module PortalRpc (344)
[2018.03.17-15.58.38:079][732]LogModuleManager: Shutting down and abandoning module MessagingRpc (342)
[2018.03.17-15.58.38:079][732]LogModuleManager: Shutting down and abandoning module AIModule (340)
[2018.03.17-15.58.38:080][732]LogModuleManager: Shutting down and abandoning module GameplayDebugger (339)
[2018.03.17-15.58.38:080][732]LogModuleManager: Shutting down and abandoning module AITestSuite (337)
[2018.03.17-15.58.38:081][732]LogModuleManager: Shutting down and abandoning module ProfilerService (334)
[2018.03.17-15.58.38:292][732]LogModuleManager: Shutting down and abandoning module TaskGraph (332)
[2018.03.17-15.58.38:293][732]LogModuleManager: Shutting down and abandoning module SteamVRController (330)
[2018.03.17-15.58.38:293][732]LogModuleManager: Shutting down and abandoning module ProceduralMeshComponentEditor (328)
[2018.03.17-15.58.38:294][732]LogModuleManager: Shutting down and abandoning module ProceduralMeshComponent (326)
[2018.03.17-15.58.38:294][732]LogModuleManager: Shutting down and abandoning module OculusInput (324)
[2018.03.17-15.58.38:295][732]LogModuleManager: Shutting down and abandoning module MobilePatchingUtils (322)
[2018.03.17-15.58.38:295][732]LogModuleManager: Shutting down and abandoning module CustomMeshComponent (320)
[2018.03.17-15.58.38:296][732]LogModuleManager: Shutting down and abandoning module CableComponent (318)
[2018.03.17-15.58.38:296][732]LogModuleManager: Shutting down and abandoning module ArchVisCharacter (316)
[2018.03.17-15.58.38:297][732]LogModuleManager: Shutting down and abandoning module AndroidPermission (314)
[2018.03.17-15.58.38:297][732]LogModuleManager: Shutting down and abandoning module MediaPlayerEditor (310)
[2018.03.17-15.58.38:298][732]LogModuleManager: Shutting down and abandoning module HTML5Networking (308)
[2018.03.17-15.58.38:299][732]LogModuleManager: Shutting down and abandoning module AlembicImporter (306)
[2018.03.17-15.58.38:299][732]LogModuleManager: Shutting down and abandoning module AlembicLibrary (305)
[2018.03.17-15.58.38:300][732]LogModuleManager: Shutting down and abandoning module GeometryCache (304)
[2018.03.17-15.58.38:300][732]LogModuleManager: Shutting down and abandoning module GeometryCacheEd (303)
[2018.03.17-15.58.38:301][732]LogModuleManager: Shutting down and abandoning module SpeedTreeImporter (298)
[2018.03.17-15.58.38:301][732]LogModuleManager: Shutting down and abandoning module PluginBrowser (296)
[2018.03.17-15.58.38:302][732]LogModuleManager: Shutting down and abandoning module MobileLauncherProfileWizard (294)
[2018.03.17-15.58.38:302][732]LogModuleManager: Shutting down and abandoning module VisualStudioSourceCodeAccess (292)
[2018.03.17-15.58.38:303][732]LogModuleManager: Shutting down and abandoning module DesktopPlatform (291)
[2018.03.17-15.58.38:303][732]LogModuleManager: Shutting down and abandoning module UObjectPlugin (288)
[2018.03.17-15.58.38:304][732]LogModuleManager: Shutting down and abandoning module SubversionSourceControl (286)
[2018.03.17-15.58.38:304][732]LogModuleManager: Shutting down and abandoning module PerforceSourceControl (284)
[2018.03.17-15.58.38:305][732]LogModuleManager: Shutting down and abandoning module GitSourceControl (282)
[2018.03.17-15.58.38:305][732]LogModuleManager: Shutting down and abandoning module SourceControl (281)
[2018.03.17-15.58.38:306][732]LogModuleManager: Shutting down and abandoning module LightPropagationVolumeEditor (278)
[2018.03.17-15.58.38:307][732]LogModuleManager: Shutting down and abandoning module PaperTiledImporter (276)
[2018.03.17-15.58.38:307][732]LogModuleManager: Shutting down and abandoning module PaperSpriteSheetImporter (274)
[2018.03.17-15.58.38:307][732]LogModuleManager: Shutting down and abandoning module Paper2DEditor (272)
[2018.03.17-15.58.38:308][732]LogModuleManager: Shutting down and abandoning module MeshPaint (271)
[2018.03.17-15.58.38:309][732]LogModuleManager: Shutting down and abandoning module LevelEditor (269)
[2018.03.17-15.58.38:311][732]LogModuleManager: Shutting down and abandoning module PixelInspectorModule (268)
[2018.03.17-15.58.38:311][732]LogModuleManager: Shutting down and abandoning module MainFrame (266)
[2018.03.17-15.58.38:312][732]LogModuleManager: Shutting down and abandoning module HotReload (265)
[2018.03.17-15.58.38:315][732]LogModuleManager: Shutting down and abandoning module RuntimePhysXCooking (260)
[2018.03.17-15.58.38:315][732]LogModuleManager: Shutting down and abandoning module PhysXVehiclesEditor (258)
[2018.03.17-15.58.38:316][732]LogModuleManager: Shutting down and abandoning module PhysXVehicles (256)
[2018.03.17-15.58.38:316][732]LogModuleManager: Shutting down and abandoning module OculusEditor (254)
[2018.03.17-15.58.38:317][732]LogModuleManager: Shutting down and abandoning module LocationServicesBPLibrary (252)
[2018.03.17-15.58.38:317][732]LogModuleManager: Shutting down and abandoning module ImmediatePhysicsEditor (250)
[2018.03.17-15.58.38:318][732]LogModuleManager: Shutting down and abandoning module ImmediatePhysics (248)
[2018.03.17-15.58.38:318][732]LogModuleManager: Shutting down and abandoning module UdpMessaging (246)
[2018.03.17-15.58.38:419][732]LogModuleManager: Shutting down and abandoning module TcpMessaging (244)
[2018.03.17-15.58.38:519][732]LogModuleManager: Shutting down and abandoning module GameplayTagsEditor (242)
[2018.03.17-15.58.38:519][732]LogModuleManager: Shutting down and abandoning module FacialAnimationEditor (240)
[2018.03.17-15.58.38:520][732]LogModuleManager: Shutting down and abandoning module FacialAnimation (238)
[2018.03.17-15.58.38:520][732]LogModuleManager: Shutting down and abandoning module AssetManagerEditor (236)
[2018.03.17-15.58.38:521][732]LogModuleManager: Shutting down and abandoning module GraphEditor (235)
[2018.03.17-15.58.38:521][732]LogModuleManager: Shutting down and abandoning module ContentBrowser (233)
[2018.03.17-15.58.38:524][732]LogModuleManager: Shutting down and abandoning module LightPropagationVolumeRuntime (230)
[2018.03.17-15.58.38:525][732]LogModuleManager: Shutting down and abandoning module Paper2D (228)
[2018.03.17-15.58.38:525][732]LogModuleManager: Shutting down and abandoning module WindowsMoviePlayer (226)
[2018.03.17-15.58.38:526][732]LogModuleManager: Shutting down and abandoning module WmfMedia (224)
[2018.03.17-15.58.38:553][732]LogModuleManager: Shutting down and abandoning module PacketHandler (222)
[2018.03.17-15.58.38:553][732]LogModuleManager: Shutting down and abandoning module ClothingSystemEditor (220)
[2018.03.17-15.58.38:554][732]LogModuleManager: Shutting down and abandoning module ClothingSystemRuntime (218)
[2018.03.17-15.58.38:555][732]LogModuleManager: Shutting down and abandoning module Overlay (216)
[2018.03.17-15.58.38:555][732]LogModuleManager: Shutting down and abandoning module OverlayEditor (215)
[2018.03.17-15.58.38:555][732]LogModuleManager: Shutting down and abandoning module MediaAssets (212)
[2018.03.17-15.58.38:556][732]LogModuleManager: Shutting down and abandoning module VREditor (210)
[2018.03.17-15.58.38:557][732]LogModuleManager: Shutting down and abandoning module StringTableEditor (208)
[2018.03.17-15.58.38:557][732]LogModuleManager: Shutting down and abandoning module GameplayTasksEditor (206)
[2018.03.17-15.58.38:558][732]LogModuleManager: Shutting down and abandoning module BehaviorTreeEditor (204)
[2018.03.17-15.58.38:558][732]LogModuleManager: Shutting down and abandoning module FunctionalTesting (202)
[2018.03.17-15.58.38:559][732]LogModuleManager: Shutting down and abandoning module CollisionAnalyzer (200)
[2018.03.17-15.58.38:559][732]LogModuleManager: Shutting down and abandoning module WorkspaceMenuStructure (199)
[2018.03.17-15.58.38:560][732]LogModuleManager: Shutting down and abandoning module UMG (196)
[2018.03.17-15.58.38:560][732]LogModuleManager: Shutting down and abandoning module UMGEditor (195)
[2018.03.17-15.58.38:561][732]LogModuleManager: Shutting down and abandoning module Sequencer (194)
[2018.03.17-15.58.38:561][732]LogModuleManager: Shutting down and abandoning module MessageLog (191)
[2018.03.17-15.58.38:562][732]LogModuleManager: Shutting down and abandoning module SlateReflector (186)
[2018.03.17-15.58.38:562][732]LogModuleManager: Shutting down and abandoning module Slate (184)
[2018.03.17-15.58.38:563][732]LogModuleManager: Shutting down and abandoning module EditorStyle (182)
[2018.03.17-15.58.38:575][732]LogModuleManager: Shutting down and abandoning module MRMesh (180)
[2018.03.17-15.58.38:575][732]LogModuleManager: Shutting down and abandoning module SourceCodeAccess (178)
[2018.03.17-15.58.38:576][732]LogModuleManager: Shutting down and abandoning module HeadMountedDisplay (176)
[2018.03.17-15.58.38:576][732]LogModuleManager: Shutting down and abandoning module XAudio2 (174)
[2018.03.17-15.58.38:577][732]LogModuleManager: Shutting down and abandoning module Networking (172)
[2018.03.17-15.58.38:577][732]LogModuleManager: Shutting down and abandoning module Core (168)
[2018.03.17-15.58.38:578][732]LogModuleManager: Shutting down and abandoning module KismetCompiler (164)
[2018.03.17-15.58.38:578][732]LogModuleManager: Shutting down and abandoning module MeshUtilities (162)
[2018.03.17-15.58.38:579][732]LogModuleManager: Shutting down and abandoning module MeshMergeUtilities (161)
[2018.03.17-15.58.38:579][732]LogModuleManager: Shutting down and abandoning module MeshReductionInterface (160)
[2018.03.17-15.58.38:580][732]LogModuleManager: Shutting down and abandoning module SimplygonSwarm (159)
[2018.03.17-15.58.38:580][732]LogModuleManager: Shutting down and abandoning module SimplygonMeshReduction (157)
[2018.03.17-15.58.38:581][732]LogModuleManager: Shutting down and abandoning module QuadricMeshReduction (155)
[2018.03.17-15.58.38:581][732]LogModuleManager: Shutting down and abandoning module MaterialBaking (151)
[2018.03.17-15.58.38:582][732]LogModuleManager: Shutting down and abandoning module LevelSequence (148)
[2018.03.17-15.58.38:582][732]LogModuleManager: Shutting down and abandoning module DirectoryWatcher (146)
[2018.03.17-15.58.38:584][732]LogModuleManager: Shutting down and abandoning module DerivedDataCache (144)
[2018.03.17-15.58.38:677][732]LogDerivedDataCache: Shutdown
[2018.03.17-15.58.38:677][732]LogModuleManager: Shutting down and abandoning module TargetPlatform (142)
[2018.03.17-15.58.38:678][732]LogModuleManager: Shutting down and abandoning module VulkanShaderFormat (141)
[2018.03.17-15.58.38:678][732]LogModuleManager: Shutting down and abandoning module ShaderFormatVectorVM (139)
[2018.03.17-15.58.38:679][732]LogModuleManager: Shutting down and abandoning module ShaderFormatOpenGL (137)
[2018.03.17-15.58.38:679][732]LogModuleManager: Shutting down and abandoning module ShaderFormatD3D (135)
[2018.03.17-15.58.38:680][732]LogModuleManager: Shutting down and abandoning module MetalShaderFormat (133)
[2018.03.17-15.58.38:680][732]LogModuleManager: Shutting down and abandoning module TextureFormatUncompressed (131)
[2018.03.17-15.58.38:681][732]LogModuleManager: Shutting down and abandoning module TextureFormatPVR (129)
[2018.03.17-15.58.38:681][732]LogModuleManager: Shutting down and abandoning module TextureFormatDXT (127)
[2018.03.17-15.58.38:682][732]LogModuleManager: Shutting down and abandoning module TextureFormatIntelISPCTexComp (125)
[2018.03.17-15.58.38:682][732]LogModuleManager: Shutting down and abandoning module TextureFormatASTC (123)
[2018.03.17-15.58.38:683][732]LogModuleManager: Shutting down and abandoning module ImageWrapper (122)
[2018.03.17-15.58.38:683][732]LogModuleManager: Shutting down and abandoning module TextureFormatAndroid (119)
[2018.03.17-15.58.38:684][732]LogModuleManager: Shutting down and abandoning module AudioFormatOpus (117)
[2018.03.17-15.58.38:684][732]LogModuleManager: Shutting down and abandoning module AudioFormatOgg (115)
[2018.03.17-15.58.38:685][732]LogModuleManager: Shutting down and abandoning module AudioFormatADPCM (113)
[2018.03.17-15.58.38:685][732]LogModuleManager: Shutting down and abandoning module LinuxTargetPlatform (111)
[2018.03.17-15.58.38:686][732]LogModuleManager: Shutting down and abandoning module LinuxServerTargetPlatform (109)
[2018.03.17-15.58.38:686][732]LogModuleManager: Shutting down and abandoning module LinuxNoEditorTargetPlatform (107)
[2018.03.17-15.58.38:687][732]LogModuleManager: Shutting down and abandoning module LinuxClientTargetPlatform (105)
[2018.03.17-15.58.38:687][732]LogModuleManager: Shutting down and abandoning module TVOSTargetPlatform (103)
[2018.03.17-15.58.38:688][732]LogModuleManager: Shutting down and abandoning module Messaging (101)
[2018.03.17-15.58.38:688][732]LogModuleManager: Shutting down and abandoning module IOSTargetPlatform (99)
[2018.03.17-15.58.38:689][732]LogModuleManager: Shutting down and abandoning module HTML5TargetPlatform (97)
[2018.03.17-15.58.38:689][732]LogModuleManager: Shutting down and abandoning module Android_PVRTCTargetPlatform (95)
[2018.03.17-15.58.38:690][732]LogModuleManager: Shutting down and abandoning module Android_MultiTargetPlatform (93)
[2018.03.17-15.58.38:690][732]LogModuleManager: Shutting down and abandoning module Android_ETC2TargetPlatform (91)
[2018.03.17-15.58.38:691][732]LogModuleManager: Shutting down and abandoning module Android_ETC1TargetPlatform (89)
[2018.03.17-15.58.38:691][732]LogModuleManager: Shutting down and abandoning module Android_DXTTargetPlatform (87)
[2018.03.17-15.58.38:691][732]LogModuleManager: Shutting down and abandoning module Android_ATCTargetPlatform (85)
[2018.03.17-15.58.38:692][732]LogModuleManager: Shutting down and abandoning module Android_ASTCTargetPlatform (83)
[2018.03.17-15.58.38:692][732]LogModuleManager: Shutting down and abandoning module AndroidTargetPlatform (81)
[2018.03.17-15.58.38:693][732]LogModuleManager: Shutting down and abandoning module WindowsTargetPlatform (79)
[2018.03.17-15.58.38:693][732]LogModuleManager: Shutting down and abandoning module WindowsServerTargetPlatform (77)
[2018.03.17-15.58.38:694][732]LogModuleManager: Shutting down and abandoning module WindowsNoEditorTargetPlatform (75)
[2018.03.17-15.58.38:694][732]LogModuleManager: Shutting down and abandoning module WindowsClientTargetPlatform (73)
[2018.03.17-15.58.38:694][732]LogModuleManager: Shutting down and abandoning module MacTargetPlatform (71)
[2018.03.17-15.58.38:695][732]LogModuleManager: Shutting down and abandoning module MacServerTargetPlatform (69)
[2018.03.17-15.58.38:695][732]LogModuleManager: Shutting down and abandoning module MacNoEditorTargetPlatform (67)
[2018.03.17-15.58.38:695][732]LogModuleManager: Shutting down and abandoning module MacClientTargetPlatform (65)
[2018.03.17-15.58.38:696][732]LogModuleManager: Shutting down and abandoning module AllDesktopTargetPlatform (63)
[2018.03.17-15.58.38:696][732]LogModuleManager: Shutting down and abandoning module InputCore (60)
[2018.03.17-15.58.38:696][732]LogModuleManager: Shutting down and abandoning module Settings (58)
[2018.03.17-15.58.38:697][732]LogModuleManager: Shutting down and abandoning module PhysXCooking (56)
[2018.03.17-15.58.38:697][732]LogModuleManager: Shutting down and abandoning module SteamVR (54)
[2018.03.17-15.58.38:697][732]LogModuleManager: Shutting down and abandoning module OculusHMD (52)
[2018.03.17-15.58.38:698][732]LogModuleManager: Shutting down and abandoning module ExampleDeviceProfileSelector (50)
[2018.03.17-15.58.38:698][732]LogModuleManager: Shutting down and abandoning module OnlineBlueprintSupport (48)
[2018.03.17-15.58.38:698][732]LogModuleManager: Shutting down and abandoning module OnlineSubsystem (44)
[2018.03.17-15.58.38:698][732]LogOnline: Display: Unloading online subsystem: NULL
[2018.03.17-15.58.38:699][732]LogModuleManager: Shutting down and abandoning module XMPP (43)
[2018.03.17-15.58.38:699][732]LogModuleManager: Shutting down and abandoning module HTTP (41)
[2018.03.17-15.58.38:699][732]LogHttp: Display: Http module shutting down, but needs to wait on 1 outstanding Http requests:
[2018.03.17-15.58.38:700][732]LogHttp: Display: 	verb=[POST] url=[https://datarouter.ol.epicgames.com/datarouter/api/v1/public/data?SessionID=%7B4D1DA8FE-40B3-91B2-3DBD-4590F8E34423%7D&AppID=UEEditor.Rocket.Release&AppVersion=4.17.2-3658906%2B%2B%2BUE4%2BRelease-4.17&UserID=2297b16141e94e550588ae80f7f61915%7C017dcfaf42804ac3836a47ced1c103a5%7C8d95cf19-5fdf-418b-9053-8ac1a44f5c13&AppEnvironment=datacollector-binary&UploadType=eteventstream] status=Processing
[2018.03.17-15.58.38:706][732]LogModuleManager: Shutting down and abandoning module SSL (40)
[2018.03.17-15.58.38:709][732]LogModuleManager: Shutting down and abandoning module AnimationModifiers (36)
[2018.03.17-15.58.38:710][732]LogModuleManager: Shutting down and abandoning module PropertyEditor (35)
[2018.03.17-15.58.38:710][732]LogModuleManager: Shutting down and abandoning module AudioEditor (32)
[2018.03.17-15.58.38:711][732]LogModuleManager: Shutting down and abandoning module TextureCompressor (30)
[2018.03.17-15.58.38:711][732]LogModuleManager: Shutting down and abandoning module ShaderCore (28)
[2018.03.17-15.58.38:711][732]LogModuleManager: Shutting down and abandoning module Landscape (26)
[2018.03.17-15.58.38:712][732]LogModuleManager: Shutting down and abandoning module SlateRHIRenderer (24)
[2018.03.17-15.58.38:714][732]LogModuleManager: Shutting down and abandoning module OpenGLDrv (22)
[2018.03.17-15.58.38:715][732]LogModuleManager: Shutting down and abandoning module D3D11RHI (20)
[2018.03.17-15.58.38:715][732]LogModuleManager: Shutting down and abandoning module AnimGraphRuntime (18)
[2018.03.17-15.58.38:715][732]LogModuleManager: Shutting down and abandoning module Renderer (16)
[2018.03.17-15.58.38:716][732]LogModuleManager: Shutting down and abandoning module Engine (14)
[2018.03.17-15.58.38:716][732]LogModuleManager: Shutting down and abandoning module CoreUObject (12)
[2018.03.17-15.58.38:716][732]LogModuleManager: Shutting down and abandoning module NetworkFile (10)
[2018.03.17-15.58.38:717][732]LogModuleManager: Shutting down and abandoning module CookedIterativeFile (8)
[2018.03.17-15.58.38:717][732]LogModuleManager: Shutting down and abandoning module StreamingFile (6)
[2018.03.17-15.58.38:717][732]LogModuleManager: Shutting down and abandoning module SandboxFile (4)
[2018.03.17-15.58.38:718][732]LogModuleManager: Shutting down and abandoning module PakFile (2)
[2018.03.17-15.58.38:722][732]LogExit: Exiting.
[2018.03.17-15.58.38:748][732]Log file closed, 03/17/18 15:58:38
